2025-10-25 18:34:19 [main] INFO  com.crypto.CryptoMonitorApplication - Starting CryptoMonitorApplication using Java 17.0.16 with PID 13076 (C:\Users\DAVID\Desktop\cryptomonitor\back\target\classes started by DAVID in C:\Users\DAVID\Desktop\cryptomonitor\back)
2025-10-25 18:34:19 [main] INFO  com.crypto.CryptoMonitorApplication - No active profile set, falling back to 1 default profile: "default"
2025-10-25 18:34:24 [main] INFO  o.s.d.r.c.RepositoryConfigurationDelegate - Multiple Spring Data modules found, entering strict repository configuration mode
2025-10-25 18:34:24 [main] INFO  o.s.d.r.c.RepositoryConfigurationDelegate - Bootstrapping Spring Data JPA repositories in DEFAULT mode.
2025-10-25 18:34:25 [main] INFO  o.s.d.r.c.RepositoryConfigurationDelegate - Finished Spring Data repository scanning in 351 ms. Found 7 JPA repository interfaces.
2025-10-25 18:34:25 [main] INFO  o.s.d.r.c.RepositoryConfigurationDelegate - Multiple Spring Data modules found, entering strict repository configuration mode
2025-10-25 18:34:25 [main] INFO  o.s.d.r.c.RepositoryConfigurationDelegate - Bootstrapping Spring Data Redis repositories in DEFAULT mode.
2025-10-25 18:34:25 [main] INFO  o.s.d.r.c.RepositoryConfigurationExtensionSupport - Spring Data Redis - Could not safely identify store assignment for repository candidate interface com.crypto.repository.AlertRuleRepository; If you want this repository to be a Redis repository, consider annotating your entities with one of these annotations: org.springframework.data.redis.core.RedisHash (preferred), or consider extending one of the following types with your repository: org.springframework.data.keyvalue.repository.KeyValueRepository
2025-10-25 18:34:25 [main] INFO  o.s.d.r.c.RepositoryConfigurationExtensionSupport - Spring Data Redis - Could not safely identify store assignment for repository candidate interface com.crypto.repository.BotTradeRepository; If you want this repository to be a Redis repository, consider annotating your entities with one of these annotations: org.springframework.data.redis.core.RedisHash (preferred), or consider extending one of the following types with your repository: org.springframework.data.keyvalue.repository.KeyValueRepository
2025-10-25 18:34:25 [main] INFO  o.s.d.r.c.RepositoryConfigurationExtensionSupport - Spring Data Redis - Could not safely identify store assignment for repository candidate interface com.crypto.repository.CryptoCurrencyRepository; If you want this repository to be a Redis repository, consider annotating your entities with one of these annotations: org.springframework.data.redis.core.RedisHash (preferred), or consider extending one of the following types with your repository: org.springframework.data.keyvalue.repository.KeyValueRepository
2025-10-25 18:34:25 [main] INFO  o.s.d.r.c.RepositoryConfigurationExtensionSupport - Spring Data Redis - Could not safely identify store assignment for repository candidate interface com.crypto.repository.PortfolioRepository; If you want this repository to be a Redis repository, consider annotating your entities with one of these annotations: org.springframework.data.redis.core.RedisHash (preferred), or consider extending one of the following types with your repository: org.springframework.data.keyvalue.repository.KeyValueRepository
2025-10-25 18:34:25 [main] INFO  o.s.d.r.c.RepositoryConfigurationExtensionSupport - Spring Data Redis - Could not safely identify store assignment for repository candidate interface com.crypto.repository.TradingBotRepository; If you want this repository to be a Redis repository, consider annotating your entities with one of these annotations: org.springframework.data.redis.core.RedisHash (preferred), or consider extending one of the following types with your repository: org.springframework.data.keyvalue.repository.KeyValueRepository
2025-10-25 18:34:25 [main] INFO  o.s.d.r.c.RepositoryConfigurationExtensionSupport - Spring Data Redis - Could not safely identify store assignment for repository candidate interface com.crypto.repository.TransactionRepository; If you want this repository to be a Redis repository, consider annotating your entities with one of these annotations: org.springframework.data.redis.core.RedisHash (preferred), or consider extending one of the following types with your repository: org.springframework.data.keyvalue.repository.KeyValueRepository
2025-10-25 18:34:25 [main] INFO  o.s.d.r.c.RepositoryConfigurationExtensionSupport - Spring Data Redis - Could not safely identify store assignment for repository candidate interface com.crypto.repository.UserRepository; If you want this repository to be a Redis repository, consider annotating your entities with one of these annotations: org.springframework.data.redis.core.RedisHash (preferred), or consider extending one of the following types with your repository: org.springframework.data.keyvalue.repository.KeyValueRepository
2025-10-25 18:34:25 [main] INFO  o.s.d.r.c.RepositoryConfigurationDelegate - Finished Spring Data repository scanning in 14 ms. Found 0 Redis repository interfaces.
2025-10-25 18:34:27 [main] INFO  o.s.b.w.e.tomcat.TomcatWebServer - Tomcat initialized with port 8080 (http)
2025-10-25 18:34:27 [main] INFO  o.a.catalina.core.StandardService - Starting service [Tomcat]
2025-10-25 18:34:27 [main] INFO  o.a.catalina.core.StandardEngine - Starting Servlet engine: [Apache Tomcat/10.1.16]
2025-10-25 18:34:27 [main] INFO  o.a.c.c.C.[.[.[/crypto-monitor] - Initializing Spring embedded WebApplicationContext
2025-10-25 18:34:27 [main] INFO  o.s.b.w.s.c.ServletWebServerApplicationContext - Root WebApplicationContext: initialization completed in 8572 ms
2025-10-25 18:34:30 [main] INFO  o.f.c.i.license.VersionPrinter - Flyway Community Edition 9.22.3 by Redgate
2025-10-25 18:34:30 [main] INFO  o.f.c.i.license.VersionPrinter - See release notes here: https://rd.gt/416ObMi
2025-10-25 18:34:30 [main] INFO  o.f.c.i.license.VersionPrinter - 
2025-10-25 18:34:30 [main] DEBUG o.f.c.i.s.classpath.ClassPathScanner - Scanning for classpath resources at 'classpath:db/callback' ...
2025-10-25 18:34:30 [main] DEBUG o.f.c.i.s.classpath.ClassPathScanner - Determining location urls for classpath:db/callback using ClassLoader TomcatEmbeddedWebappClassLoader
  context: crypto-monitor
  delegate: true
----------> Parent Classloader:
jdk.internal.loader.ClassLoaders$AppClassLoader@60e53b93
 ...
2025-10-25 18:34:30 [main] DEBUG o.f.c.i.s.classpath.ClassPathScanner - Unable to resolve location classpath:db/callback.
2025-10-25 18:34:30 [main] DEBUG o.f.c.i.s.classpath.ClassPathScanner - Scanning for classpath resources at 'classpath:db/migration' ...
2025-10-25 18:34:30 [main] DEBUG o.f.c.i.s.classpath.ClassPathScanner - Determining location urls for classpath:db/migration using ClassLoader TomcatEmbeddedWebappClassLoader
  context: crypto-monitor
  delegate: true
----------> Parent Classloader:
jdk.internal.loader.ClassLoaders$AppClassLoader@60e53b93
 ...
2025-10-25 18:34:30 [main] DEBUG o.f.c.i.s.classpath.ClassPathScanner - Scanning URL: file:/C:/Users/DAVID/Desktop/cryptomonitor/back/target/classes/db/migration
2025-10-25 18:34:30 [main] DEBUG o.f.c.i.s.c.FileSystemClassPathLocationScanner - Scanning starting at classpath root in filesystem: C:\Users\DAVID\Desktop\cryptomonitor\back\target\classes\
2025-10-25 18:34:30 [main] DEBUG o.f.c.i.s.c.FileSystemClassPathLocationScanner - Scanning for resources in path: C:\Users\DAVID\Desktop\cryptomonitor\back\target\classes\db\migration (db/migration)
2025-10-25 18:34:30 [main] DEBUG o.f.c.i.s.classpath.ClassPathScanner - Found resource: db/migration/V1__create_tables.sql
2025-10-25 18:34:30 [main] DEBUG o.f.c.i.s.classpath.ClassPathScanner - Found resource: db/migration/V2__create_portfolio_tables.sql
2025-10-25 18:34:30 [main] DEBUG o.f.c.i.s.classpath.ClassPathScanner - Found resource: db/migration/V4__add_composite_indexes.sql
2025-10-25 18:34:30 [main] DEBUG o.f.c.i.s.classpath.ClassPathScanner - Scanning for classes at classpath:db/migration
2025-10-25 18:34:30 [main] DEBUG o.f.c.i.r.ResourceNameValidator - Validating V1__create_tables.sql
2025-10-25 18:34:30 [main] DEBUG o.f.c.i.r.ResourceNameValidator - Validating V2__create_portfolio_tables.sql
2025-10-25 18:34:30 [main] DEBUG o.f.c.i.r.ResourceNameValidator - Validating V4__add_composite_indexes.sql
2025-10-25 18:34:30 [main] INFO  org.flywaydb.core.FlywayExecutor - Database: jdbc:postgresql://localhost:5432/crypto_monitor (PostgreSQL 16.8)
2025-10-25 18:34:30 [main] DEBUG org.flywaydb.core.FlywayExecutor - Driver: PostgreSQL JDBC Driver 42.6.0
2025-10-25 18:34:30 [main] DEBUG org.flywaydb.core.FlywayExecutor - DDL Transactions Supported: true
2025-10-25 18:34:30 [main] DEBUG o.f.c.i.s.SchemaHistoryFactory - Schemas: 
2025-10-25 18:34:30 [main] DEBUG o.f.c.i.s.SchemaHistoryFactory - Default schema: null
2025-10-25 18:34:30 [main] WARN  o.f.c.i.database.base.Database - Flyway upgrade recommended: PostgreSQL 16.8 is newer than this version of Flyway and support has not been tested. The latest supported version of PostgreSQL is 15.
2025-10-25 18:34:30 [main] DEBUG o.f.c.i.c.SqlScriptCallbackFactory - Scanning for SQL callbacks ...
2025-10-25 18:34:30 [main] DEBUG o.f.core.internal.command.DbValidate - Validating migrations ...
2025-10-25 18:34:30 [main] DEBUG o.f.core.internal.scanner.Scanner - Filtering out resource: db/migration/V1__create_tables.sql (filename: V1__create_tables.sql)
2025-10-25 18:34:30 [main] DEBUG o.f.core.internal.scanner.Scanner - Filtering out resource: db/migration/V2__create_portfolio_tables.sql (filename: V2__create_portfolio_tables.sql)
2025-10-25 18:34:30 [main] DEBUG o.f.core.internal.scanner.Scanner - Filtering out resource: db/migration/V4__add_composite_indexes.sql (filename: V4__add_composite_indexes.sql)
2025-10-25 18:34:30 [main] DEBUG o.f.core.internal.scanner.Scanner - Filtering out resource: db/migration/V1__create_tables.sql (filename: V1__create_tables.sql)
2025-10-25 18:34:30 [main] DEBUG o.f.core.internal.scanner.Scanner - Filtering out resource: db/migration/V2__create_portfolio_tables.sql (filename: V2__create_portfolio_tables.sql)
2025-10-25 18:34:30 [main] DEBUG o.f.core.internal.scanner.Scanner - Filtering out resource: db/migration/V4__add_composite_indexes.sql (filename: V4__add_composite_indexes.sql)
2025-10-25 18:34:30 [main] INFO  o.f.core.internal.command.DbValidate - Successfully validated 3 migrations (execution time 00:00.164s)
2025-10-25 18:34:30 [main] DEBUG o.f.core.internal.command.DbSchemas - Skipping creation of existing schema: "public"
2025-10-25 18:34:30 [main] INFO  o.f.core.internal.command.DbMigrate - Current version of schema "public": 2
2025-10-25 18:34:30 [main] DEBUG o.f.core.internal.parser.Parser - Parsing V4__add_composite_indexes.sql ...
2025-10-25 18:34:30 [main] DEBUG o.f.c.i.sqlscript.ParserSqlScript - Found statement at line 4: -- back/src/main/resources/db/migration/V4__add_composite_indexes.sql

-- ✅ Índice composto para busca de alertas por email + símbolo
CREATE INDEX idx_alert_rules_email_symbol_active
    ON alert_rules(notification_email, coin_symbol, is_active)
2025-10-25 18:34:30 [main] DEBUG o.f.c.i.sqlscript.ParserSqlScript - Found statement at line 8: -- ✅ Índice para portfolio por usuário
CREATE INDEX idx_portfolio_user_symbol
    ON portfolio(user_id, coin_symbol)
2025-10-25 18:34:30 [main] DEBUG o.f.c.i.sqlscript.ParserSqlScript - Found statement at line 12: -- ✅ Índice para transações por usuário e data
CREATE INDEX idx_transactions_user_date
    ON transactions(user_id, transaction_date DESC)
2025-10-25 18:34:30 [main] DEBUG o.f.c.i.sqlscript.ParserSqlScript - Found statement at line 16: -- ✅ Índice para bots ativos
CREATE INDEX idx_bots_status_user
    ON trading_bots(status, user_id)
    WHERE status = 'RUNNING'
2025-10-25 18:34:30 [main] DEBUG o.f.core.internal.command.DbMigrate - Starting migration of schema "public" to version "4 - add composite indexes" ...
2025-10-25 18:34:30 [main] INFO  o.f.core.internal.command.DbMigrate - Migrating schema "public" to version "4 - add composite indexes"
2025-10-25 18:34:30 [main] DEBUG o.f.c.i.s.DefaultSqlScriptExecutor - Executing SQL: -- back/src/main/resources/db/migration/V4__add_composite_indexes.sql

-- ✅ Índice composto para busca de alertas por email + símbolo
CREATE INDEX idx_alert_rules_email_symbol_active
    ON alert_rules(notification_email, coin_symbol, is_active)
2025-10-25 18:34:31 [main] DEBUG o.f.c.i.s.DefaultSqlScriptExecutor - 0 rows affected
2025-10-25 18:34:31 [main] DEBUG o.f.c.i.s.DefaultSqlScriptExecutor - Executing SQL: -- ✅ Índice para portfolio por usuário
CREATE INDEX idx_portfolio_user_symbol
    ON portfolio(user_id, coin_symbol)
2025-10-25 18:34:31 [main] DEBUG o.f.c.i.s.DefaultSqlScriptExecutor - 0 rows affected
2025-10-25 18:34:31 [main] DEBUG o.f.c.i.s.DefaultSqlScriptExecutor - Executing SQL: -- ✅ Índice para transações por usuário e data
CREATE INDEX idx_transactions_user_date
    ON transactions(user_id, transaction_date DESC)
2025-10-25 18:34:31 [main] DEBUG o.f.c.i.s.DefaultSqlScriptExecutor - 0 rows affected
2025-10-25 18:34:31 [main] DEBUG o.f.c.i.s.DefaultSqlScriptExecutor - Executing SQL: -- ✅ Índice para bots ativos
CREATE INDEX idx_bots_status_user
    ON trading_bots(status, user_id)
    WHERE status = 'RUNNING'
2025-10-25 18:34:31 [main] DEBUG o.f.c.i.s.DefaultSqlScriptExecutor - 0 rows affected
2025-10-25 18:34:31 [main] DEBUG o.f.core.internal.command.DbMigrate - Successfully completed migration of schema "public" to version "4 - add composite indexes"
2025-10-25 18:34:31 [main] DEBUG o.f.c.i.s.JdbcTableSchemaHistory - Schema History table "public"."flyway_schema_history" successfully updated to reflect changes
2025-10-25 18:34:31 [main] INFO  o.f.core.internal.command.DbMigrate - Successfully applied 1 migration to schema "public", now at version v4 (execution time 00:00.288s)
2025-10-25 18:34:31 [main] DEBUG org.flywaydb.core.FlywayExecutor - Memory usage: 35 of 90M
2025-10-25 18:34:31 [main] INFO  o.h.jpa.internal.util.LogHelper - HHH000204: Processing PersistenceUnitInfo [name: default]
2025-10-25 18:34:31 [main] INFO  org.hibernate.Version - HHH000412: Hibernate ORM core version 6.3.1.Final
2025-10-25 18:34:31 [main] INFO  o.h.c.i.RegionFactoryInitiator - HHH000026: Second-level cache disabled
2025-10-25 18:34:32 [main] INFO  o.s.o.j.p.SpringPersistenceUnitInfo - No LoadTimeWeaver setup: ignoring JPA class transformer
2025-10-25 18:34:32 [main] INFO  com.zaxxer.hikari.HikariDataSource - CryptoMonitorPool - Starting...
2025-10-25 18:34:33 [main] INFO  com.zaxxer.hikari.pool.HikariPool - CryptoMonitorPool - Added connection org.postgresql.jdbc.PgConnection@1d167630
2025-10-25 18:34:33 [main] INFO  com.zaxxer.hikari.HikariDataSource - CryptoMonitorPool - Start completed.
2025-10-25 18:34:33 [main] WARN  org.hibernate.orm.deprecation - HHH90000025: PostgreSQLDialect does not need to be specified explicitly using 'hibernate.dialect' (remove the property setting and it will be selected by default)
2025-10-25 18:34:36 [main] INFO  o.h.e.t.j.p.i.JtaPlatformInitiator - HHH000489: No JTA platform available (set 'hibernate.transaction.jta.platform' to enable JTA platform integration)
2025-10-25 18:34:37 [main] INFO  o.s.o.j.LocalContainerEntityManagerFactoryBean - Initialized JPA EntityManagerFactory for persistence unit 'default'
2025-10-25 18:34:37 [main] DEBUG o.s.w.f.ServerHttpObservationFilter - Filter 'webMvcObservationFilter' configured for use
2025-10-25 18:34:38 [main] INFO  o.s.d.j.r.query.QueryEnhancerFactory - Hibernate is in classpath; If applicable, HQL parser will be used.
2025-10-25 18:34:39 [main] DEBUG o.s.s.c.ThreadPoolTaskScheduler - Initializing ExecutorService
2025-10-25 18:34:39 [main] DEBUG o.s.s.c.ThreadPoolTaskExecutor - Initializing ExecutorService
2025-10-25 18:34:39 [main] DEBUG o.s.s.c.ThreadPoolTaskExecutor - Initializing ExecutorService 'taskExecutor'
2025-10-25 18:34:40 [main] WARN  o.s.b.a.o.j.JpaBaseConfiguration$JpaWebConfiguration - spring.jpa.open-in-view is enabled by default. Therefore, database queries may be performed during view rendering. Explicitly configure spring.jpa.open-in-view to disable this warning
2025-10-25 18:34:40 [main] DEBUG o.s.w.s.m.m.a.RequestMappingHandlerMapping - 44 mappings in 'requestMappingHandlerMapping'
2025-10-25 18:34:41 [main] DEBUG o.s.w.s.h.SimpleUrlHandlerMapping - Patterns [/webjars/**, /**] in 'resourceHandlerMapping'
2025-10-25 18:34:41 [main] INFO  o.s.b.a.e.web.EndpointLinksResolver - Exposing 15 endpoint(s) beneath base path '/actuator'
2025-10-25 18:34:41 [main] INFO  o.s.s.web.DefaultSecurityFilterChain - Will secure any request with [org.springframework.security.web.session.DisableEncodeUrlFilter@2907d3e8, org.springframework.security.web.context.request.async.WebAsyncManagerIntegrationFilter@31f575aa, org.springframework.security.web.context.SecurityContextHolderFilter@42f7523d, org.springframework.security.web.header.HeaderWriterFilter@ac64dd0, org.springframework.web.filter.CorsFilter@4bea0314, org.springframework.security.web.authentication.logout.LogoutFilter@5fac8f7e, com.crypto.security.JwtAuthenticationFilter@2975715, org.springframework.security.web.savedrequest.RequestCacheAwareFilter@77b3c429, org.springframework.security.web.servletapi.SecurityContextHolderAwareRequestFilter@68d9d5b3, org.springframework.security.web.authentication.AnonymousAuthenticationFilter@7a96e17e, org.springframework.security.web.session.SessionManagementFilter@20be2d3f, org.springframework.security.web.access.ExceptionTranslationFilter@66579498, org.springframework.security.web.access.intercept.AuthorizationFilter@2c9369c3]
2025-10-25 18:34:41 [main] DEBUG o.s.w.s.m.m.a.RequestMappingHandlerAdapter - ControllerAdvice beans: 0 @ModelAttribute, 0 @InitBinder, 1 RequestBodyAdvice, 1 ResponseBodyAdvice
2025-10-25 18:34:42 [main] DEBUG o.s.w.s.m.m.a.ExceptionHandlerExceptionResolver - ControllerAdvice beans: 1 @ExceptionHandler, 1 ResponseBodyAdvice
2025-10-25 18:34:42 [main] DEBUG o.s.s.c.ThreadPoolTaskScheduler - Initializing ExecutorService 'taskScheduler'
2025-10-25 18:34:43 [main] INFO  o.s.b.w.e.tomcat.TomcatWebServer - Tomcat started on port 8080 (http) with context path '/crypto-monitor'
2025-10-25 18:34:43 [main] INFO  com.crypto.CryptoMonitorApplication - Started CryptoMonitorApplication in 26.246 seconds (process running for 32.13)
2025-10-25 18:34:43 [scheduling-1] INFO  c.crypto.service.TradingBotService - ⏰ Scheduler executando... Procurando bots ativos
2025-10-25 18:34:43 [scheduling-1] INFO  c.crypto.service.TradingBotService - 📊 Encontrados 0 bots rodando
2025-10-25 18:35:43 [scheduling-1] INFO  c.crypto.service.TradingBotService - ⏰ Scheduler executando... Procurando bots ativos
2025-10-25 18:35:43 [scheduling-1] INFO  c.crypto.service.TradingBotService - 📊 Encontrados 0 bots rodando
2025-10-25 18:36:43 [scheduling-1] INFO  c.crypto.service.TradingBotService - ⏰ Scheduler executando... Procurando bots ativos
2025-10-25 18:36:43 [scheduling-1] INFO  c.crypto.service.TradingBotService - 📊 Encontrados 0 bots rodando
2025-10-25 18:37:43 [scheduling-1] INFO  c.crypto.service.TradingBotService - ⏰ Scheduler executando... Procurando bots ativos
2025-10-25 18:37:43 [scheduling-1] INFO  c.crypto.service.TradingBotService - 📊 Encontrados 0 bots rodando
2025-10-25 18:38:43 [scheduling-1] INFO  c.crypto.service.TradingBotService - ⏰ Scheduler executando... Procurando bots ativos
2025-10-25 18:38:43 [scheduling-1] INFO  c.crypto.service.TradingBotService - 📊 Encontrados 0 bots rodando
2025-10-25 18:39:43 [scheduling-1] INFO  c.crypto.service.TradingBotService - ⏰ Scheduler executando... Procurando bots ativos
2025-10-25 18:39:43 [scheduling-1] INFO  c.crypto.service.TradingBotService - 📊 Encontrados 0 bots rodando
2025-10-25 18:40:43 [scheduling-1] INFO  c.crypto.service.TradingBotService - ⏰ Scheduler executando... Procurando bots ativos
2025-10-25 18:40:43 [scheduling-1] INFO  c.crypto.service.TradingBotService - 📊 Encontrados 0 bots rodando
2025-10-25 18:41:43 [scheduling-1] INFO  c.crypto.service.TradingBotService - ⏰ Scheduler executando... Procurando bots ativos
2025-10-25 18:41:43 [scheduling-1] INFO  c.crypto.service.TradingBotService - 📊 Encontrados 0 bots rodando
2025-10-25 18:42:43 [scheduling-1] INFO  c.crypto.service.TradingBotService - ⏰ Scheduler executando... Procurando bots ativos
2025-10-25 18:42:43 [scheduling-1] INFO  c.crypto.service.TradingBotService - 📊 Encontrados 0 bots rodando
2025-10-25 18:43:43 [scheduling-1] INFO  c.crypto.service.TradingBotService - ⏰ Scheduler executando... Procurando bots ativos
2025-10-25 18:43:43 [scheduling-1] INFO  c.crypto.service.TradingBotService - 📊 Encontrados 0 bots rodando
2025-10-25 18:44:43 [scheduling-1] INFO  c.crypto.service.TradingBotService - ⏰ Scheduler executando... Procurando bots ativos
2025-10-25 18:44:43 [scheduling-1] INFO  c.crypto.service.TradingBotService - 📊 Encontrados 0 bots rodando
2025-10-25 18:45:43 [scheduling-1] INFO  c.crypto.service.TradingBotService - ⏰ Scheduler executando... Procurando bots ativos
2025-10-25 18:45:43 [scheduling-1] INFO  c.crypto.service.TradingBotService - 📊 Encontrados 0 bots rodando
2025-10-25 18:46:43 [scheduling-1] INFO  c.crypto.service.TradingBotService - ⏰ Scheduler executando... Procurando bots ativos
2025-10-25 18:46:43 [scheduling-1] INFO  c.crypto.service.TradingBotService - 📊 Encontrados 0 bots rodando
2025-10-25 18:47:32 [http-nio-8080-exec-1] INFO  o.a.c.c.C.[.[.[/crypto-monitor] - Initializing Spring DispatcherServlet 'dispatcherServlet'
2025-10-25 18:47:32 [http-nio-8080-exec-1] INFO  o.s.web.servlet.DispatcherServlet - Initializing Servlet 'dispatcherServlet'
2025-10-25 18:47:32 [http-nio-8080-exec-1] DEBUG o.s.web.servlet.DispatcherServlet - Detected StandardServletMultipartResolver
2025-10-25 18:47:32 [http-nio-8080-exec-1] DEBUG o.s.web.servlet.DispatcherServlet - Detected AcceptHeaderLocaleResolver
2025-10-25 18:47:32 [http-nio-8080-exec-1] DEBUG o.s.web.servlet.DispatcherServlet - Detected FixedThemeResolver
2025-10-25 18:47:32 [http-nio-8080-exec-1] DEBUG o.s.web.servlet.DispatcherServlet - Detected org.springframework.web.servlet.view.DefaultRequestToViewNameTranslator@4ce6f39e
2025-10-25 18:47:32 [http-nio-8080-exec-1] DEBUG o.s.web.servlet.DispatcherServlet - Detected org.springframework.web.servlet.support.SessionFlashMapManager@88edd90
2025-10-25 18:47:32 [http-nio-8080-exec-1] DEBUG o.s.web.servlet.DispatcherServlet - enableLoggingRequestDetails='false': request parameters and headers will be masked to prevent unsafe logging of potentially sensitive data
2025-10-25 18:47:32 [http-nio-8080-exec-1] INFO  o.s.web.servlet.DispatcherServlet - Completed initialization in 9 ms
2025-10-25 18:47:32 [http-nio-8080-exec-1] WARN  o.s.w.s.h.HandlerMappingIntrospector - Cache miss for REQUEST dispatch to '/crypto-monitor/api/user/me' (previous null). Performing CorsConfiguration lookup. This is logged once only at WARN level, and every time at TRACE.
2025-10-25 18:47:32 [http-nio-8080-exec-1] WARN  o.s.w.s.h.HandlerMappingIntrospector - Cache miss for REQUEST dispatch to '/crypto-monitor/api/user/me' (previous null). Performing MatchableHandlerMapping lookup. This is logged once only at WARN level, and every time at TRACE.
2025-10-25 18:47:32 [http-nio-8080-exec-1] DEBUG o.s.web.servlet.DispatcherServlet - GET "/crypto-monitor/api/user/me", parameters={}
2025-10-25 18:47:32 [http-nio-8080-exec-1] DEBUG o.s.w.s.m.m.a.RequestMappingHandlerMapping - Mapped to com.crypto.controller.UserController#getProfile(String)
2025-10-25 18:47:32 [http-nio-8080-exec-1] DEBUG o.s.w.s.m.m.a.HttpEntityMethodProcessor - Using 'application/json', given [*/*] and supported [application/json, application/*+json]
2025-10-25 18:47:32 [http-nio-8080-exec-1] DEBUG o.s.w.s.m.m.a.HttpEntityMethodProcessor - Writing [User(id=2, username=teste, password=null, email=testando@gmail.com, role=USER)]
2025-10-25 18:47:32 [http-nio-8080-exec-1] DEBUG o.s.web.servlet.DispatcherServlet - Completed 200 OK
2025-10-25 18:47:33 [http-nio-8080-exec-2] DEBUG o.s.web.servlet.DispatcherServlet - GET "/crypto-monitor/api/user/me", parameters={}
2025-10-25 18:47:33 [http-nio-8080-exec-2] DEBUG o.s.w.s.m.m.a.RequestMappingHandlerMapping - Mapped to com.crypto.controller.UserController#getProfile(String)
2025-10-25 18:47:33 [http-nio-8080-exec-2] DEBUG o.s.w.s.m.m.a.HttpEntityMethodProcessor - Using 'application/json', given [*/*] and supported [application/json, application/*+json]
2025-10-25 18:47:33 [http-nio-8080-exec-2] DEBUG o.s.w.s.m.m.a.HttpEntityMethodProcessor - Writing [User(id=2, username=teste, password=null, email=testando@gmail.com, role=USER)]
2025-10-25 18:47:33 [http-nio-8080-exec-2] DEBUG o.s.web.servlet.DispatcherServlet - Completed 200 OK
2025-10-25 18:47:33 [http-nio-8080-exec-4] DEBUG o.s.web.servlet.DispatcherServlet - GET "/crypto-monitor/api/crypto/current", parameters={}
2025-10-25 18:47:33 [http-nio-8080-exec-4] DEBUG o.s.w.s.m.m.a.RequestMappingHandlerMapping - Mapped to com.crypto.controller.CryptoController#getCurrentPrices()
2025-10-25 18:47:33 [http-nio-8080-exec-3] DEBUG o.s.web.servlet.DispatcherServlet - GET "/crypto-monitor/api/monitoring/status", parameters={}
2025-10-25 18:47:33 [http-nio-8080-exec-3] DEBUG o.s.w.s.m.m.a.RequestMappingHandlerMapping - Mapped to com.crypto.controller.MonitoringController#getStatus(Authentication)
2025-10-25 18:47:33 [http-nio-8080-exec-3] DEBUG o.s.w.s.m.m.a.HttpEntityMethodProcessor - Using 'application/json', given [*/*] and supported [application/json, application/*+json]
2025-10-25 18:47:33 [http-nio-8080-exec-3] DEBUG o.s.w.s.m.m.a.HttpEntityMethodProcessor - Writing [{totalActiveMonitors=0, username=teste, active=false, timestamp=1761428853448}]
2025-10-25 18:47:33 [http-nio-8080-exec-3] DEBUG o.s.web.servlet.DispatcherServlet - Completed 200 OK
2025-10-25 18:47:34 [http-nio-8080-exec-4] ERROR c.crypto.controller.CryptoController - Erro ao buscar cotações atuais: Unable to connect to Redis
2025-10-25 18:47:34 [http-nio-8080-exec-4] DEBUG o.s.w.s.m.m.a.HttpEntityMethodProcessor - Using 'application/json', given [*/*] and supported [application/json, application/*+json]
2025-10-25 18:47:34 [http-nio-8080-exec-4] DEBUG o.s.w.s.m.m.a.HttpEntityMethodProcessor - Nothing to write: null body
2025-10-25 18:47:34 [http-nio-8080-exec-4] DEBUG o.s.web.servlet.DispatcherServlet - Completed 500 INTERNAL_SERVER_ERROR
2025-10-25 18:47:41 [http-nio-8080-exec-5] DEBUG o.s.web.servlet.DispatcherServlet - GET "/crypto-monitor/api/user/me", parameters={}
2025-10-25 18:47:41 [http-nio-8080-exec-5] DEBUG o.s.w.s.m.m.a.RequestMappingHandlerMapping - Mapped to com.crypto.controller.UserController#getProfile(String)
2025-10-25 18:47:41 [http-nio-8080-exec-5] DEBUG o.s.w.s.m.m.a.HttpEntityMethodProcessor - Using 'application/json', given [*/*] and supported [application/json, application/*+json]
2025-10-25 18:47:41 [http-nio-8080-exec-5] DEBUG o.s.w.s.m.m.a.HttpEntityMethodProcessor - Writing [User(id=2, username=teste, password=null, email=testando@gmail.com, role=USER)]
2025-10-25 18:47:41 [http-nio-8080-exec-5] DEBUG o.s.web.servlet.DispatcherServlet - Completed 200 OK
2025-10-25 18:47:41 [http-nio-8080-exec-6] DEBUG o.s.web.servlet.DispatcherServlet - GET "/crypto-monitor/api/user/me", parameters={}
2025-10-25 18:47:41 [http-nio-8080-exec-6] DEBUG o.s.w.s.m.m.a.RequestMappingHandlerMapping - Mapped to com.crypto.controller.UserController#getProfile(String)
2025-10-25 18:47:41 [http-nio-8080-exec-6] DEBUG o.s.w.s.m.m.a.HttpEntityMethodProcessor - Using 'application/json', given [*/*] and supported [application/json, application/*+json]
2025-10-25 18:47:41 [http-nio-8080-exec-6] DEBUG o.s.w.s.m.m.a.HttpEntityMethodProcessor - Writing [User(id=2, username=teste, password=null, email=testando@gmail.com, role=USER)]
2025-10-25 18:47:41 [http-nio-8080-exec-6] DEBUG o.s.web.servlet.DispatcherServlet - Completed 200 OK
2025-10-25 18:47:41 [http-nio-8080-exec-7] DEBUG o.s.web.servlet.DispatcherServlet - GET "/crypto-monitor/api/monitoring/status", parameters={}
2025-10-25 18:47:41 [http-nio-8080-exec-7] DEBUG o.s.w.s.m.m.a.RequestMappingHandlerMapping - Mapped to com.crypto.controller.MonitoringController#getStatus(Authentication)
2025-10-25 18:47:41 [http-nio-8080-exec-7] DEBUG o.s.w.s.m.m.a.HttpEntityMethodProcessor - Using 'application/json', given [*/*] and supported [application/json, application/*+json]
2025-10-25 18:47:41 [http-nio-8080-exec-7] DEBUG o.s.w.s.m.m.a.HttpEntityMethodProcessor - Writing [{totalActiveMonitors=0, username=teste, active=false, timestamp=1761428861469}]
2025-10-25 18:47:41 [http-nio-8080-exec-7] DEBUG o.s.web.servlet.DispatcherServlet - Completed 200 OK
2025-10-25 18:47:41 [http-nio-8080-exec-8] DEBUG o.s.web.servlet.DispatcherServlet - GET "/crypto-monitor/api/crypto/current", parameters={}
2025-10-25 18:47:41 [http-nio-8080-exec-8] DEBUG o.s.w.s.m.m.a.RequestMappingHandlerMapping - Mapped to com.crypto.controller.CryptoController#getCurrentPrices()
2025-10-25 18:47:41 [http-nio-8080-exec-8] ERROR c.crypto.controller.CryptoController - Erro ao buscar cotações atuais: Unable to connect to Redis
2025-10-25 18:47:41 [http-nio-8080-exec-8] DEBUG o.s.w.s.m.m.a.HttpEntityMethodProcessor - Using 'application/json', given [*/*] and supported [application/json, application/*+json]
2025-10-25 18:47:41 [http-nio-8080-exec-8] DEBUG o.s.w.s.m.m.a.HttpEntityMethodProcessor - Nothing to write: null body
2025-10-25 18:47:41 [http-nio-8080-exec-8] DEBUG o.s.web.servlet.DispatcherServlet - Completed 500 INTERNAL_SERVER_ERROR
2025-10-25 18:47:43 [scheduling-1] INFO  c.crypto.service.TradingBotService - ⏰ Scheduler executando... Procurando bots ativos
2025-10-25 18:47:43 [scheduling-1] INFO  c.crypto.service.TradingBotService - 📊 Encontrados 0 bots rodando
2025-10-25 18:48:43 [scheduling-1] INFO  c.crypto.service.TradingBotService - ⏰ Scheduler executando... Procurando bots ativos
2025-10-25 18:48:43 [scheduling-1] INFO  c.crypto.service.TradingBotService - 📊 Encontrados 0 bots rodando
2025-10-25 18:49:43 [scheduling-1] INFO  c.crypto.service.TradingBotService - ⏰ Scheduler executando... Procurando bots ativos
2025-10-25 18:49:43 [scheduling-1] INFO  c.crypto.service.TradingBotService - 📊 Encontrados 0 bots rodando
2025-10-25 18:50:42 [http-nio-8080-exec-9] DEBUG o.s.web.servlet.DispatcherServlet - GET "/crypto-monitor/api/user/me", parameters={}
2025-10-25 18:50:42 [http-nio-8080-exec-9] DEBUG o.s.w.s.m.m.a.RequestMappingHandlerMapping - Mapped to com.crypto.controller.UserController#getProfile(String)
2025-10-25 18:50:42 [http-nio-8080-exec-9] DEBUG o.s.w.s.m.m.a.HttpEntityMethodProcessor - Using 'application/json', given [*/*] and supported [application/json, application/*+json]
2025-10-25 18:50:42 [http-nio-8080-exec-9] DEBUG o.s.w.s.m.m.a.HttpEntityMethodProcessor - Writing [User(id=2, username=teste, password=null, email=testando@gmail.com, role=USER)]
2025-10-25 18:50:42 [http-nio-8080-exec-9] DEBUG o.s.web.servlet.DispatcherServlet - Completed 200 OK
2025-10-25 18:50:42 [http-nio-8080-exec-2] DEBUG o.s.web.servlet.DispatcherServlet - GET "/crypto-monitor/api/crypto/current", parameters={}
2025-10-25 18:50:42 [http-nio-8080-exec-2] DEBUG o.s.w.s.m.m.a.RequestMappingHandlerMapping - Mapped to com.crypto.controller.CryptoController#getCurrentPrices()
2025-10-25 18:50:42 [http-nio-8080-exec-2] ERROR c.crypto.controller.CryptoController - Erro ao buscar cotações atuais: Unable to connect to Redis
2025-10-25 18:50:42 [http-nio-8080-exec-10] DEBUG o.s.web.servlet.DispatcherServlet - GET "/crypto-monitor/api/user/me", parameters={}
2025-10-25 18:50:42 [http-nio-8080-exec-10] DEBUG o.s.w.s.m.m.a.RequestMappingHandlerMapping - Mapped to com.crypto.controller.UserController#getProfile(String)
2025-10-25 18:50:42 [http-nio-8080-exec-2] DEBUG o.s.w.s.m.m.a.HttpEntityMethodProcessor - Using 'application/json', given [*/*] and supported [application/json, application/*+json]
2025-10-25 18:50:42 [http-nio-8080-exec-2] DEBUG o.s.w.s.m.m.a.HttpEntityMethodProcessor - Nothing to write: null body
2025-10-25 18:50:42 [http-nio-8080-exec-2] DEBUG o.s.web.servlet.DispatcherServlet - Completed 500 INTERNAL_SERVER_ERROR
2025-10-25 18:50:42 [http-nio-8080-exec-10] DEBUG o.s.w.s.m.m.a.HttpEntityMethodProcessor - Using 'application/json', given [*/*] and supported [application/json, application/*+json]
2025-10-25 18:50:42 [http-nio-8080-exec-10] DEBUG o.s.w.s.m.m.a.HttpEntityMethodProcessor - Writing [User(id=2, username=teste, password=null, email=testando@gmail.com, role=USER)]
2025-10-25 18:50:42 [http-nio-8080-exec-10] DEBUG o.s.web.servlet.DispatcherServlet - Completed 200 OK
2025-10-25 18:50:42 [http-nio-8080-exec-1] DEBUG o.s.web.servlet.DispatcherServlet - GET "/crypto-monitor/api/monitoring/status", parameters={}
2025-10-25 18:50:42 [http-nio-8080-exec-1] DEBUG o.s.w.s.m.m.a.RequestMappingHandlerMapping - Mapped to com.crypto.controller.MonitoringController#getStatus(Authentication)
2025-10-25 18:50:42 [http-nio-8080-exec-1] DEBUG o.s.w.s.m.m.a.HttpEntityMethodProcessor - Using 'application/json', given [*/*] and supported [application/json, application/*+json]
2025-10-25 18:50:42 [http-nio-8080-exec-1] DEBUG o.s.w.s.m.m.a.HttpEntityMethodProcessor - Writing [{totalActiveMonitors=0, username=teste, active=false, timestamp=1761429042742}]
2025-10-25 18:50:42 [http-nio-8080-exec-1] DEBUG o.s.web.servlet.DispatcherServlet - Completed 200 OK
2025-10-25 18:50:43 [scheduling-1] INFO  c.crypto.service.TradingBotService - ⏰ Scheduler executando... Procurando bots ativos
2025-10-25 18:50:43 [scheduling-1] INFO  c.crypto.service.TradingBotService - 📊 Encontrados 0 bots rodando
2025-10-25 18:50:45 [http-nio-8080-exec-3] DEBUG o.s.web.servlet.DispatcherServlet - GET "/crypto-monitor/api/user/me", parameters={}
2025-10-25 18:50:45 [http-nio-8080-exec-3] DEBUG o.s.w.s.m.m.a.RequestMappingHandlerMapping - Mapped to com.crypto.controller.UserController#getProfile(String)
2025-10-25 18:50:45 [http-nio-8080-exec-3] DEBUG o.s.w.s.m.m.a.HttpEntityMethodProcessor - Using 'application/json', given [*/*] and supported [application/json, application/*+json]
2025-10-25 18:50:45 [http-nio-8080-exec-3] DEBUG o.s.w.s.m.m.a.HttpEntityMethodProcessor - Writing [User(id=2, username=teste, password=null, email=testando@gmail.com, role=USER)]
2025-10-25 18:50:45 [http-nio-8080-exec-3] DEBUG o.s.web.servlet.DispatcherServlet - Completed 200 OK
2025-10-25 18:50:45 [http-nio-8080-exec-4] DEBUG o.s.web.servlet.DispatcherServlet - GET "/crypto-monitor/api/user/me", parameters={}
2025-10-25 18:50:45 [http-nio-8080-exec-4] DEBUG o.s.w.s.m.m.a.RequestMappingHandlerMapping - Mapped to com.crypto.controller.UserController#getProfile(String)
2025-10-25 18:50:45 [http-nio-8080-exec-4] DEBUG o.s.w.s.m.m.a.HttpEntityMethodProcessor - Using 'application/json', given [*/*] and supported [application/json, application/*+json]
2025-10-25 18:50:45 [http-nio-8080-exec-4] DEBUG o.s.w.s.m.m.a.HttpEntityMethodProcessor - Writing [User(id=2, username=teste, password=null, email=testando@gmail.com, role=USER)]
2025-10-25 18:50:45 [http-nio-8080-exec-4] DEBUG o.s.web.servlet.DispatcherServlet - Completed 200 OK
2025-10-25 18:50:45 [http-nio-8080-exec-6] DEBUG o.s.web.servlet.DispatcherServlet - GET "/crypto-monitor/api/crypto/current", parameters={}
2025-10-25 18:50:45 [http-nio-8080-exec-6] DEBUG o.s.w.s.m.m.a.RequestMappingHandlerMapping - Mapped to com.crypto.controller.CryptoController#getCurrentPrices()
2025-10-25 18:50:45 [http-nio-8080-exec-6] ERROR c.crypto.controller.CryptoController - Erro ao buscar cotações atuais: Unable to connect to Redis
2025-10-25 18:50:45 [http-nio-8080-exec-5] DEBUG o.s.web.servlet.DispatcherServlet - GET "/crypto-monitor/api/monitoring/status", parameters={}
2025-10-25 18:50:45 [http-nio-8080-exec-6] DEBUG o.s.w.s.m.m.a.HttpEntityMethodProcessor - Using 'application/json', given [*/*] and supported [application/json, application/*+json]
2025-10-25 18:50:45 [http-nio-8080-exec-6] DEBUG o.s.w.s.m.m.a.HttpEntityMethodProcessor - Nothing to write: null body
2025-10-25 18:50:45 [http-nio-8080-exec-6] DEBUG o.s.web.servlet.DispatcherServlet - Completed 500 INTERNAL_SERVER_ERROR
2025-10-25 18:50:45 [http-nio-8080-exec-5] DEBUG o.s.w.s.m.m.a.RequestMappingHandlerMapping - Mapped to com.crypto.controller.MonitoringController#getStatus(Authentication)
2025-10-25 18:50:45 [http-nio-8080-exec-5] DEBUG o.s.w.s.m.m.a.HttpEntityMethodProcessor - Using 'application/json', given [*/*] and supported [application/json, application/*+json]
2025-10-25 18:50:45 [http-nio-8080-exec-5] DEBUG o.s.w.s.m.m.a.HttpEntityMethodProcessor - Writing [{totalActiveMonitors=0, username=teste, active=false, timestamp=1761429045924}]
2025-10-25 18:50:45 [http-nio-8080-exec-5] DEBUG o.s.web.servlet.DispatcherServlet - Completed 200 OK
2025-10-25 18:51:31 [http-nio-8080-exec-7] DEBUG o.s.web.servlet.DispatcherServlet - GET "/crypto-monitor/api/user/me", parameters={}
2025-10-25 18:51:31 [http-nio-8080-exec-7] DEBUG o.s.w.s.m.m.a.RequestMappingHandlerMapping - Mapped to com.crypto.controller.UserController#getProfile(String)
2025-10-25 18:51:31 [http-nio-8080-exec-7] DEBUG o.s.w.s.m.m.a.HttpEntityMethodProcessor - Using 'application/json', given [*/*] and supported [application/json, application/*+json]
2025-10-25 18:51:31 [http-nio-8080-exec-7] DEBUG o.s.w.s.m.m.a.HttpEntityMethodProcessor - Writing [User(id=2, username=teste, password=null, email=testando@gmail.com, role=USER)]
2025-10-25 18:51:31 [http-nio-8080-exec-7] DEBUG o.s.web.servlet.DispatcherServlet - Completed 200 OK
2025-10-25 18:51:31 [http-nio-8080-exec-8] DEBUG o.s.web.servlet.DispatcherServlet - GET "/crypto-monitor/api/user/me", parameters={}
2025-10-25 18:51:31 [http-nio-8080-exec-8] DEBUG o.s.w.s.m.m.a.RequestMappingHandlerMapping - Mapped to com.crypto.controller.UserController#getProfile(String)
2025-10-25 18:51:31 [http-nio-8080-exec-8] DEBUG o.s.w.s.m.m.a.HttpEntityMethodProcessor - Using 'application/json', given [*/*] and supported [application/json, application/*+json]
2025-10-25 18:51:31 [http-nio-8080-exec-8] DEBUG o.s.w.s.m.m.a.HttpEntityMethodProcessor - Writing [User(id=2, username=teste, password=null, email=testando@gmail.com, role=USER)]
2025-10-25 18:51:31 [http-nio-8080-exec-8] DEBUG o.s.web.servlet.DispatcherServlet - Completed 200 OK
2025-10-25 18:51:31 [http-nio-8080-exec-9] DEBUG o.s.web.servlet.DispatcherServlet - GET "/crypto-monitor/api/monitoring/status", parameters={}
2025-10-25 18:51:31 [http-nio-8080-exec-9] DEBUG o.s.w.s.m.m.a.RequestMappingHandlerMapping - Mapped to com.crypto.controller.MonitoringController#getStatus(Authentication)
2025-10-25 18:51:31 [http-nio-8080-exec-9] DEBUG o.s.w.s.m.m.a.HttpEntityMethodProcessor - Using 'application/json', given [*/*] and supported [application/json, application/*+json]
2025-10-25 18:51:31 [http-nio-8080-exec-9] DEBUG o.s.w.s.m.m.a.HttpEntityMethodProcessor - Writing [{totalActiveMonitors=0, username=teste, active=false, timestamp=1761429091994}]
2025-10-25 18:51:31 [http-nio-8080-exec-9] DEBUG o.s.web.servlet.DispatcherServlet - Completed 200 OK
2025-10-25 18:51:32 [http-nio-8080-exec-2] DEBUG o.s.web.servlet.DispatcherServlet - GET "/crypto-monitor/api/crypto/current", parameters={}
2025-10-25 18:51:32 [http-nio-8080-exec-2] DEBUG o.s.w.s.m.m.a.RequestMappingHandlerMapping - Mapped to com.crypto.controller.CryptoController#getCurrentPrices()
2025-10-25 18:51:32 [http-nio-8080-exec-2] ERROR c.crypto.controller.CryptoController - Erro ao buscar cotações atuais: Unable to connect to Redis
2025-10-25 18:51:32 [http-nio-8080-exec-2] DEBUG o.s.w.s.m.m.a.HttpEntityMethodProcessor - Using 'application/json', given [*/*] and supported [application/json, application/*+json]
2025-10-25 18:51:32 [http-nio-8080-exec-2] DEBUG o.s.w.s.m.m.a.HttpEntityMethodProcessor - Nothing to write: null body
2025-10-25 18:51:32 [http-nio-8080-exec-2] DEBUG o.s.web.servlet.DispatcherServlet - Completed 500 INTERNAL_SERVER_ERROR
2025-10-25 18:51:35 [http-nio-8080-exec-10] DEBUG o.s.web.servlet.DispatcherServlet - POST "/crypto-monitor/api/auth/login", parameters={}
2025-10-25 18:51:35 [http-nio-8080-exec-10] DEBUG o.s.w.s.m.m.a.RequestMappingHandlerMapping - Mapped to com.crypto.controller.AuthController#login(User)
2025-10-25 18:51:35 [http-nio-8080-exec-10] DEBUG o.s.w.s.m.m.a.RequestResponseBodyMethodProcessor - Read "application/json;charset=UTF-8" to [User(id=null, username=teste, password=cyb3rdefense, email=null, role=USER)]
2025-10-25 18:51:36 [http-nio-8080-exec-10] DEBUG o.s.w.s.m.m.a.HttpEntityMethodProcessor - Using 'application/json', given [*/*] and supported [application/json, application/*+json]
2025-10-25 18:51:36 [http-nio-8080-exec-10] DEBUG o.s.w.s.m.m.a.HttpEntityMethodProcessor - Writing [{token=eyJhbGciOiJIUzI1NiJ9.eyJzdWIiOiJ0ZXN0ZSIsImlhdCI6MTc2MTQyOTA5NiwiZXhwIjoxNzYxNTE1NDk2fQ.TPsuy (truncated)...]
2025-10-25 18:51:36 [http-nio-8080-exec-10] DEBUG o.s.web.servlet.DispatcherServlet - Completed 200 OK
2025-10-25 18:51:36 [http-nio-8080-exec-3] DEBUG o.s.web.servlet.DispatcherServlet - GET "/crypto-monitor/api/crypto/current", parameters={}
2025-10-25 18:51:36 [http-nio-8080-exec-3] DEBUG o.s.w.s.m.m.a.RequestMappingHandlerMapping - Mapped to com.crypto.controller.CryptoController#getCurrentPrices()
2025-10-25 18:51:36 [http-nio-8080-exec-3] ERROR c.crypto.controller.CryptoController - Erro ao buscar cotações atuais: Unable to connect to Redis
2025-10-25 18:51:36 [http-nio-8080-exec-3] DEBUG o.s.w.s.m.m.a.HttpEntityMethodProcessor - Using 'application/json', given [*/*] and supported [application/json, application/*+json]
2025-10-25 18:51:36 [http-nio-8080-exec-3] DEBUG o.s.w.s.m.m.a.HttpEntityMethodProcessor - Nothing to write: null body
2025-10-25 18:51:36 [http-nio-8080-exec-3] DEBUG o.s.web.servlet.DispatcherServlet - Completed 500 INTERNAL_SERVER_ERROR
2025-10-25 18:51:36 [http-nio-8080-exec-1] DEBUG o.s.web.servlet.DispatcherServlet - GET "/crypto-monitor/api/monitoring/status", parameters={}
2025-10-25 18:51:36 [http-nio-8080-exec-1] DEBUG o.s.w.s.m.m.a.RequestMappingHandlerMapping - Mapped to com.crypto.controller.MonitoringController#getStatus(Authentication)
2025-10-25 18:51:36 [http-nio-8080-exec-1] DEBUG o.s.w.s.m.m.a.HttpEntityMethodProcessor - Using 'application/json', given [*/*] and supported [application/json, application/*+json]
2025-10-25 18:51:36 [http-nio-8080-exec-1] DEBUG o.s.w.s.m.m.a.HttpEntityMethodProcessor - Writing [{totalActiveMonitors=0, username=teste, active=false, timestamp=1761429096517}]
2025-10-25 18:51:36 [http-nio-8080-exec-1] DEBUG o.s.web.servlet.DispatcherServlet - Completed 200 OK
2025-10-25 18:51:43 [http-nio-8080-exec-4] DEBUG o.s.web.servlet.DispatcherServlet - GET "/crypto-monitor/api/crypto/current", parameters={}
2025-10-25 18:51:43 [http-nio-8080-exec-4] DEBUG o.s.w.s.m.m.a.RequestMappingHandlerMapping - Mapped to com.crypto.controller.CryptoController#getCurrentPrices()
2025-10-25 18:51:43 [http-nio-8080-exec-4] ERROR c.crypto.controller.CryptoController - Erro ao buscar cotações atuais: Unable to connect to Redis
2025-10-25 18:51:43 [http-nio-8080-exec-4] DEBUG o.s.w.s.m.m.a.HttpEntityMethodProcessor - Using 'application/json', given [*/*] and supported [application/json, application/*+json]
2025-10-25 18:51:43 [http-nio-8080-exec-4] DEBUG o.s.w.s.m.m.a.HttpEntityMethodProcessor - Nothing to write: null body
2025-10-25 18:51:43 [http-nio-8080-exec-4] DEBUG o.s.web.servlet.DispatcherServlet - Completed 500 INTERNAL_SERVER_ERROR
2025-10-25 18:51:43 [scheduling-1] INFO  c.crypto.service.TradingBotService - ⏰ Scheduler executando... Procurando bots ativos
2025-10-25 18:51:43 [scheduling-1] INFO  c.crypto.service.TradingBotService - 📊 Encontrados 0 bots rodando
2025-10-25 18:51:45 [http-nio-8080-exec-7] DEBUG o.s.web.servlet.DispatcherServlet - GET "/crypto-monitor/api/bots", parameters={}
2025-10-25 18:51:45 [http-nio-8080-exec-7] DEBUG o.s.w.s.m.m.a.RequestMappingHandlerMapping - Mapped to com.crypto.controller.TradingBotController#getUserBots(Authentication)
2025-10-25 18:51:45 [http-nio-8080-exec-7] DEBUG o.s.w.s.m.m.a.HttpEntityMethodProcessor - Using 'application/json', given [*/*] and supported [application/json, application/*+json]
2025-10-25 18:51:45 [http-nio-8080-exec-7] DEBUG o.s.w.s.m.m.a.HttpEntityMethodProcessor - Writing [{success=true, bots=[]}]
2025-10-25 18:51:45 [http-nio-8080-exec-7] DEBUG o.s.web.servlet.DispatcherServlet - Completed 200 OK
2025-10-25 18:51:45 [http-nio-8080-exec-8] DEBUG o.s.web.servlet.DispatcherServlet - GET "/crypto-monitor/api/bots", parameters={}
2025-10-25 18:51:45 [http-nio-8080-exec-8] DEBUG o.s.w.s.m.m.a.RequestMappingHandlerMapping - Mapped to com.crypto.controller.TradingBotController#getUserBots(Authentication)
2025-10-25 18:51:45 [http-nio-8080-exec-8] DEBUG o.s.w.s.m.m.a.HttpEntityMethodProcessor - Using 'application/json', given [*/*] and supported [application/json, application/*+json]
2025-10-25 18:51:45 [http-nio-8080-exec-8] DEBUG o.s.w.s.m.m.a.HttpEntityMethodProcessor - Writing [{success=true, bots=[]}]
2025-10-25 18:51:45 [http-nio-8080-exec-8] DEBUG o.s.web.servlet.DispatcherServlet - Completed 200 OK
2025-10-25 18:51:57 [http-nio-8080-exec-9] DEBUG o.s.web.servlet.DispatcherServlet - GET "/crypto-monitor/api/user/me", parameters={}
2025-10-25 18:51:57 [http-nio-8080-exec-9] DEBUG o.s.w.s.m.m.a.RequestMappingHandlerMapping - Mapped to com.crypto.controller.UserController#getProfile(String)
2025-10-25 18:51:57 [http-nio-8080-exec-9] DEBUG o.s.w.s.m.m.a.HttpEntityMethodProcessor - Using 'application/json', given [*/*] and supported [application/json, application/*+json]
2025-10-25 18:51:57 [http-nio-8080-exec-9] DEBUG o.s.w.s.m.m.a.HttpEntityMethodProcessor - Writing [User(id=2, username=teste, password=null, email=testando@gmail.com, role=USER)]
2025-10-25 18:51:57 [http-nio-8080-exec-9] DEBUG o.s.web.servlet.DispatcherServlet - Completed 200 OK
2025-10-25 18:51:57 [http-nio-8080-exec-2] DEBUG o.s.web.servlet.DispatcherServlet - GET "/crypto-monitor/api/user/me", parameters={}
2025-10-25 18:51:57 [http-nio-8080-exec-2] DEBUG o.s.w.s.m.m.a.RequestMappingHandlerMapping - Mapped to com.crypto.controller.UserController#getProfile(String)
2025-10-25 18:51:57 [http-nio-8080-exec-2] DEBUG o.s.w.s.m.m.a.HttpEntityMethodProcessor - Using 'application/json', given [*/*] and supported [application/json, application/*+json]
2025-10-25 18:51:57 [http-nio-8080-exec-2] DEBUG o.s.w.s.m.m.a.HttpEntityMethodProcessor - Writing [User(id=2, username=teste, password=null, email=testando@gmail.com, role=USER)]
2025-10-25 18:51:57 [http-nio-8080-exec-2] DEBUG o.s.web.servlet.DispatcherServlet - Completed 200 OK
2025-10-25 18:51:58 [http-nio-8080-exec-3] DEBUG o.s.web.servlet.DispatcherServlet - GET "/crypto-monitor/api/crypto/current", parameters={}
2025-10-25 18:51:58 [http-nio-8080-exec-3] DEBUG o.s.w.s.m.m.a.RequestMappingHandlerMapping - Mapped to com.crypto.controller.CryptoController#getCurrentPrices()
2025-10-25 18:51:58 [http-nio-8080-exec-3] ERROR c.crypto.controller.CryptoController - Erro ao buscar cotações atuais: Unable to connect to Redis
2025-10-25 18:51:58 [http-nio-8080-exec-3] DEBUG o.s.w.s.m.m.a.HttpEntityMethodProcessor - Using 'application/json', given [*/*] and supported [application/json, application/*+json]
2025-10-25 18:51:58 [http-nio-8080-exec-3] DEBUG o.s.w.s.m.m.a.HttpEntityMethodProcessor - Nothing to write: null body
2025-10-25 18:51:58 [http-nio-8080-exec-3] DEBUG o.s.web.servlet.DispatcherServlet - Completed 500 INTERNAL_SERVER_ERROR
2025-10-25 18:51:58 [http-nio-8080-exec-10] DEBUG o.s.web.servlet.DispatcherServlet - GET "/crypto-monitor/api/monitoring/status", parameters={}
2025-10-25 18:51:58 [http-nio-8080-exec-10] DEBUG o.s.w.s.m.m.a.RequestMappingHandlerMapping - Mapped to com.crypto.controller.MonitoringController#getStatus(Authentication)
2025-10-25 18:51:58 [http-nio-8080-exec-10] DEBUG o.s.w.s.m.m.a.HttpEntityMethodProcessor - Using 'application/json', given [*/*] and supported [application/json, application/*+json]
2025-10-25 18:51:58 [http-nio-8080-exec-10] DEBUG o.s.w.s.m.m.a.HttpEntityMethodProcessor - Writing [{totalActiveMonitors=0, username=teste, active=false, timestamp=1761429118052}]
2025-10-25 18:51:58 [http-nio-8080-exec-10] DEBUG o.s.web.servlet.DispatcherServlet - Completed 200 OK
2025-10-25 18:52:43 [scheduling-1] INFO  c.crypto.service.TradingBotService - ⏰ Scheduler executando... Procurando bots ativos
2025-10-25 18:52:43 [scheduling-1] INFO  c.crypto.service.TradingBotService - 📊 Encontrados 0 bots rodando
2025-10-25 18:52:58 [http-nio-8080-exec-5] DEBUG o.s.web.servlet.DispatcherServlet - GET "/crypto-monitor/api/crypto/current", parameters={}
2025-10-25 18:52:58 [http-nio-8080-exec-5] DEBUG o.s.w.s.m.m.a.RequestMappingHandlerMapping - Mapped to com.crypto.controller.CryptoController#getCurrentPrices()
2025-10-25 18:52:58 [http-nio-8080-exec-5] ERROR c.crypto.controller.CryptoController - Erro ao buscar cotações atuais: Unable to connect to Redis
2025-10-25 18:52:59 [http-nio-8080-exec-5] DEBUG o.s.w.s.m.m.a.HttpEntityMethodProcessor - Using 'application/json', given [*/*] and supported [application/json, application/*+json]
2025-10-25 18:52:59 [http-nio-8080-exec-5] DEBUG o.s.w.s.m.m.a.HttpEntityMethodProcessor - Nothing to write: null body
2025-10-25 18:52:59 [http-nio-8080-exec-5] DEBUG o.s.web.servlet.DispatcherServlet - Completed 500 INTERNAL_SERVER_ERROR
2025-10-25 18:53:43 [scheduling-1] INFO  c.crypto.service.TradingBotService - ⏰ Scheduler executando... Procurando bots ativos
2025-10-25 18:53:43 [scheduling-1] INFO  c.crypto.service.TradingBotService - 📊 Encontrados 0 bots rodando
2025-10-25 18:53:58 [http-nio-8080-exec-6] DEBUG o.s.web.servlet.DispatcherServlet - GET "/crypto-monitor/api/crypto/current", parameters={}
2025-10-25 18:53:58 [http-nio-8080-exec-6] DEBUG o.s.w.s.m.m.a.RequestMappingHandlerMapping - Mapped to com.crypto.controller.CryptoController#getCurrentPrices()
2025-10-25 18:53:58 [http-nio-8080-exec-6] ERROR c.crypto.controller.CryptoController - Erro ao buscar cotações atuais: Unable to connect to Redis
2025-10-25 18:53:58 [http-nio-8080-exec-6] DEBUG o.s.w.s.m.m.a.HttpEntityMethodProcessor - Using 'application/json', given [*/*] and supported [application/json, application/*+json]
2025-10-25 18:53:58 [http-nio-8080-exec-6] DEBUG o.s.w.s.m.m.a.HttpEntityMethodProcessor - Nothing to write: null body
2025-10-25 18:53:58 [http-nio-8080-exec-6] DEBUG o.s.web.servlet.DispatcherServlet - Completed 500 INTERNAL_SERVER_ERROR
2025-10-25 18:54:22 [http-nio-8080-exec-7] DEBUG o.s.web.servlet.DispatcherServlet - GET "/crypto-monitor/api/portfolio", parameters={}
2025-10-25 18:54:22 [http-nio-8080-exec-7] DEBUG o.s.w.s.m.m.a.RequestMappingHandlerMapping - Mapped to com.crypto.controller.PortfolioController#getPortfolio(Authentication)
2025-10-25 18:54:22 [http-nio-8080-exec-8] DEBUG o.s.web.servlet.DispatcherServlet - GET "/crypto-monitor/api/portfolio/transactions", parameters={}
2025-10-25 18:54:22 [http-nio-8080-exec-8] DEBUG o.s.w.s.m.m.a.RequestMappingHandlerMapping - Mapped to com.crypto.controller.PortfolioController#getTransactions(Authentication)
2025-10-25 18:54:22 [http-nio-8080-exec-7] ERROR c.c.controller.PortfolioController - Erro ao buscar portfolio: Unable to connect to Redis
2025-10-25 18:54:22 [http-nio-8080-exec-7] DEBUG o.s.w.s.m.m.a.HttpEntityMethodProcessor - Using 'application/json', given [*/*] and supported [application/json, application/*+json]
2025-10-25 18:54:22 [http-nio-8080-exec-7] DEBUG o.s.w.s.m.m.a.HttpEntityMethodProcessor - Writing [{error=Erro ao buscar portfolio: Unable to connect to Redis}]
2025-10-25 18:54:22 [http-nio-8080-exec-7] DEBUG o.s.web.servlet.DispatcherServlet - Completed 500 INTERNAL_SERVER_ERROR
2025-10-25 18:54:22 [http-nio-8080-exec-8] DEBUG o.s.w.s.m.m.a.HttpEntityMethodProcessor - Using 'application/json', given [*/*] and supported [application/json, application/*+json]
2025-10-25 18:54:22 [http-nio-8080-exec-8] DEBUG o.s.w.s.m.m.a.HttpEntityMethodProcessor - Writing [[]]
2025-10-25 18:54:22 [http-nio-8080-exec-8] DEBUG o.s.web.servlet.DispatcherServlet - Completed 200 OK
2025-10-25 18:54:22 [http-nio-8080-exec-9] DEBUG o.s.web.servlet.DispatcherServlet - GET "/crypto-monitor/api/portfolio", parameters={}
2025-10-25 18:54:22 [http-nio-8080-exec-9] DEBUG o.s.w.s.m.m.a.RequestMappingHandlerMapping - Mapped to com.crypto.controller.PortfolioController#getPortfolio(Authentication)
2025-10-25 18:54:22 [http-nio-8080-exec-2] DEBUG o.s.web.servlet.DispatcherServlet - GET "/crypto-monitor/api/portfolio/transactions", parameters={}
2025-10-25 18:54:22 [http-nio-8080-exec-2] DEBUG o.s.w.s.m.m.a.RequestMappingHandlerMapping - Mapped to com.crypto.controller.PortfolioController#getTransactions(Authentication)
2025-10-25 18:54:22 [http-nio-8080-exec-9] ERROR c.c.controller.PortfolioController - Erro ao buscar portfolio: Unable to connect to Redis
2025-10-25 18:54:22 [http-nio-8080-exec-9] DEBUG o.s.w.s.m.m.a.HttpEntityMethodProcessor - Using 'application/json', given [*/*] and supported [application/json, application/*+json]
2025-10-25 18:54:22 [http-nio-8080-exec-9] DEBUG o.s.w.s.m.m.a.HttpEntityMethodProcessor - Writing [{error=Erro ao buscar portfolio: Unable to connect to Redis}]
2025-10-25 18:54:22 [http-nio-8080-exec-9] DEBUG o.s.web.servlet.DispatcherServlet - Completed 500 INTERNAL_SERVER_ERROR
2025-10-25 18:54:22 [http-nio-8080-exec-2] DEBUG o.s.w.s.m.m.a.HttpEntityMethodProcessor - Using 'application/json', given [*/*] and supported [application/json, application/*+json]
2025-10-25 18:54:22 [http-nio-8080-exec-2] DEBUG o.s.w.s.m.m.a.HttpEntityMethodProcessor - Writing [[]]
2025-10-25 18:54:22 [http-nio-8080-exec-2] DEBUG o.s.web.servlet.DispatcherServlet - Completed 200 OK
2025-10-25 18:54:25 [http-nio-8080-exec-3] DEBUG o.s.web.servlet.DispatcherServlet - GET "/crypto-monitor/api/user/me", parameters={}
2025-10-25 18:54:25 [http-nio-8080-exec-3] DEBUG o.s.w.s.m.m.a.RequestMappingHandlerMapping - Mapped to com.crypto.controller.UserController#getProfile(String)
2025-10-25 18:54:25 [http-nio-8080-exec-3] DEBUG o.s.w.s.m.m.a.HttpEntityMethodProcessor - Using 'application/json', given [*/*] and supported [application/json, application/*+json]
2025-10-25 18:54:25 [http-nio-8080-exec-3] DEBUG o.s.w.s.m.m.a.HttpEntityMethodProcessor - Writing [User(id=2, username=teste, password=null, email=testando@gmail.com, role=USER)]
2025-10-25 18:54:25 [http-nio-8080-exec-3] DEBUG o.s.web.servlet.DispatcherServlet - Completed 200 OK
2025-10-25 18:54:25 [http-nio-8080-exec-10] DEBUG o.s.web.servlet.DispatcherServlet - GET "/crypto-monitor/api/user/me", parameters={}
2025-10-25 18:54:25 [http-nio-8080-exec-10] DEBUG o.s.w.s.m.m.a.RequestMappingHandlerMapping - Mapped to com.crypto.controller.UserController#getProfile(String)
2025-10-25 18:54:25 [http-nio-8080-exec-10] DEBUG o.s.w.s.m.m.a.HttpEntityMethodProcessor - Using 'application/json', given [*/*] and supported [application/json, application/*+json]
2025-10-25 18:54:25 [http-nio-8080-exec-10] DEBUG o.s.w.s.m.m.a.HttpEntityMethodProcessor - Writing [User(id=2, username=teste, password=null, email=testando@gmail.com, role=USER)]
2025-10-25 18:54:25 [http-nio-8080-exec-10] DEBUG o.s.web.servlet.DispatcherServlet - Completed 200 OK
2025-10-25 18:54:26 [http-nio-8080-exec-4] DEBUG o.s.web.servlet.DispatcherServlet - GET "/crypto-monitor/api/crypto/current", parameters={}
2025-10-25 18:54:26 [http-nio-8080-exec-4] DEBUG o.s.w.s.m.m.a.RequestMappingHandlerMapping - Mapped to com.crypto.controller.CryptoController#getCurrentPrices()
2025-10-25 18:54:26 [http-nio-8080-exec-4] ERROR c.crypto.controller.CryptoController - Erro ao buscar cotações atuais: Unable to connect to Redis
2025-10-25 18:54:26 [http-nio-8080-exec-4] DEBUG o.s.w.s.m.m.a.HttpEntityMethodProcessor - Using 'application/json', given [*/*] and supported [application/json, application/*+json]
2025-10-25 18:54:26 [http-nio-8080-exec-4] DEBUG o.s.w.s.m.m.a.HttpEntityMethodProcessor - Nothing to write: null body
2025-10-25 18:54:26 [http-nio-8080-exec-4] DEBUG o.s.web.servlet.DispatcherServlet - Completed 500 INTERNAL_SERVER_ERROR
2025-10-25 18:54:26 [http-nio-8080-exec-1] DEBUG o.s.web.servlet.DispatcherServlet - GET "/crypto-monitor/api/monitoring/status", parameters={}
2025-10-25 18:54:26 [http-nio-8080-exec-1] DEBUG o.s.w.s.m.m.a.RequestMappingHandlerMapping - Mapped to com.crypto.controller.MonitoringController#getStatus(Authentication)
2025-10-25 18:54:26 [http-nio-8080-exec-1] DEBUG o.s.w.s.m.m.a.HttpEntityMethodProcessor - Using 'application/json', given [*/*] and supported [application/json, application/*+json]
2025-10-25 18:54:26 [http-nio-8080-exec-1] DEBUG o.s.w.s.m.m.a.HttpEntityMethodProcessor - Writing [{totalActiveMonitors=0, username=teste, active=false, timestamp=1761429266184}]
2025-10-25 18:54:26 [http-nio-8080-exec-1] DEBUG o.s.web.servlet.DispatcherServlet - Completed 200 OK
2025-10-25 18:54:27 [http-nio-8080-exec-5] DEBUG o.s.web.servlet.DispatcherServlet - GET "/crypto-monitor/api/portfolio", parameters={}
2025-10-25 18:54:27 [http-nio-8080-exec-6] DEBUG o.s.web.servlet.DispatcherServlet - GET "/crypto-monitor/api/portfolio/transactions", parameters={}
2025-10-25 18:54:27 [http-nio-8080-exec-5] DEBUG o.s.w.s.m.m.a.RequestMappingHandlerMapping - Mapped to com.crypto.controller.PortfolioController#getPortfolio(Authentication)
2025-10-25 18:54:27 [http-nio-8080-exec-6] DEBUG o.s.w.s.m.m.a.RequestMappingHandlerMapping - Mapped to com.crypto.controller.PortfolioController#getTransactions(Authentication)
2025-10-25 18:54:27 [http-nio-8080-exec-6] DEBUG o.s.w.s.m.m.a.HttpEntityMethodProcessor - Using 'application/json', given [*/*] and supported [application/json, application/*+json]
2025-10-25 18:54:27 [http-nio-8080-exec-6] DEBUG o.s.w.s.m.m.a.HttpEntityMethodProcessor - Writing [[]]
2025-10-25 18:54:27 [http-nio-8080-exec-6] DEBUG o.s.web.servlet.DispatcherServlet - Completed 200 OK
2025-10-25 18:54:27 [http-nio-8080-exec-5] ERROR c.c.controller.PortfolioController - Erro ao buscar portfolio: Unable to connect to Redis
2025-10-25 18:54:27 [http-nio-8080-exec-5] DEBUG o.s.w.s.m.m.a.HttpEntityMethodProcessor - Using 'application/json', given [*/*] and supported [application/json, application/*+json]
2025-10-25 18:54:27 [http-nio-8080-exec-5] DEBUG o.s.w.s.m.m.a.HttpEntityMethodProcessor - Writing [{error=Erro ao buscar portfolio: Unable to connect to Redis}]
2025-10-25 18:54:27 [http-nio-8080-exec-5] DEBUG o.s.web.servlet.DispatcherServlet - Completed 500 INTERNAL_SERVER_ERROR
2025-10-25 18:54:27 [http-nio-8080-exec-8] DEBUG o.s.web.servlet.DispatcherServlet - GET "/crypto-monitor/api/portfolio", parameters={}
2025-10-25 18:54:27 [http-nio-8080-exec-7] DEBUG o.s.web.servlet.DispatcherServlet - GET "/crypto-monitor/api/portfolio/transactions", parameters={}
2025-10-25 18:54:27 [http-nio-8080-exec-7] DEBUG o.s.w.s.m.m.a.RequestMappingHandlerMapping - Mapped to com.crypto.controller.PortfolioController#getTransactions(Authentication)
2025-10-25 18:54:27 [http-nio-8080-exec-8] DEBUG o.s.w.s.m.m.a.RequestMappingHandlerMapping - Mapped to com.crypto.controller.PortfolioController#getPortfolio(Authentication)
2025-10-25 18:54:27 [http-nio-8080-exec-8] ERROR c.c.controller.PortfolioController - Erro ao buscar portfolio: Unable to connect to Redis
2025-10-25 18:54:27 [http-nio-8080-exec-8] DEBUG o.s.w.s.m.m.a.HttpEntityMethodProcessor - Using 'application/json', given [*/*] and supported [application/json, application/*+json]
2025-10-25 18:54:27 [http-nio-8080-exec-8] DEBUG o.s.w.s.m.m.a.HttpEntityMethodProcessor - Writing [{error=Erro ao buscar portfolio: Unable to connect to Redis}]
2025-10-25 18:54:27 [http-nio-8080-exec-8] DEBUG o.s.web.servlet.DispatcherServlet - Completed 500 INTERNAL_SERVER_ERROR
2025-10-25 18:54:27 [http-nio-8080-exec-7] DEBUG o.s.w.s.m.m.a.HttpEntityMethodProcessor - Using 'application/json', given [*/*] and supported [application/json, application/*+json]
2025-10-25 18:54:27 [http-nio-8080-exec-7] DEBUG o.s.w.s.m.m.a.HttpEntityMethodProcessor - Writing [[]]
2025-10-25 18:54:27 [http-nio-8080-exec-7] DEBUG o.s.web.servlet.DispatcherServlet - Completed 200 OK
2025-10-25 18:54:38 [http-nio-8080-exec-9] DEBUG o.s.web.servlet.DispatcherServlet - GET "/crypto-monitor/api/user/me", parameters={}
2025-10-25 18:54:38 [http-nio-8080-exec-9] DEBUG o.s.w.s.m.m.a.RequestMappingHandlerMapping - Mapped to com.crypto.controller.UserController#getProfile(String)
2025-10-25 18:54:38 [http-nio-8080-exec-9] DEBUG o.s.w.s.m.m.a.HttpEntityMethodProcessor - Using 'application/json', given [*/*] and supported [application/json, application/*+json]
2025-10-25 18:54:38 [http-nio-8080-exec-9] DEBUG o.s.w.s.m.m.a.HttpEntityMethodProcessor - Writing [User(id=2, username=teste, password=null, email=testando@gmail.com, role=USER)]
2025-10-25 18:54:38 [http-nio-8080-exec-9] DEBUG o.s.web.servlet.DispatcherServlet - Completed 200 OK
2025-10-25 18:54:38 [http-nio-8080-exec-2] DEBUG o.s.web.servlet.DispatcherServlet - GET "/crypto-monitor/api/user/me", parameters={}
2025-10-25 18:54:38 [http-nio-8080-exec-2] DEBUG o.s.w.s.m.m.a.RequestMappingHandlerMapping - Mapped to com.crypto.controller.UserController#getProfile(String)
2025-10-25 18:54:38 [http-nio-8080-exec-2] DEBUG o.s.w.s.m.m.a.HttpEntityMethodProcessor - Using 'application/json', given [*/*] and supported [application/json, application/*+json]
2025-10-25 18:54:38 [http-nio-8080-exec-2] DEBUG o.s.w.s.m.m.a.HttpEntityMethodProcessor - Writing [User(id=2, username=teste, password=null, email=testando@gmail.com, role=USER)]
2025-10-25 18:54:38 [http-nio-8080-exec-2] DEBUG o.s.web.servlet.DispatcherServlet - Completed 200 OK
2025-10-25 18:54:38 [http-nio-8080-exec-10] DEBUG o.s.web.servlet.DispatcherServlet - GET "/crypto-monitor/api/crypto/current", parameters={}
2025-10-25 18:54:38 [http-nio-8080-exec-10] DEBUG o.s.w.s.m.m.a.RequestMappingHandlerMapping - Mapped to com.crypto.controller.CryptoController#getCurrentPrices()
2025-10-25 18:54:38 [http-nio-8080-exec-10] ERROR c.crypto.controller.CryptoController - Erro ao buscar cotações atuais: Unable to connect to Redis
2025-10-25 18:54:38 [http-nio-8080-exec-10] DEBUG o.s.w.s.m.m.a.HttpEntityMethodProcessor - Using 'application/json', given [*/*] and supported [application/json, application/*+json]
2025-10-25 18:54:38 [http-nio-8080-exec-10] DEBUG o.s.w.s.m.m.a.HttpEntityMethodProcessor - Nothing to write: null body
2025-10-25 18:54:38 [http-nio-8080-exec-10] DEBUG o.s.web.servlet.DispatcherServlet - Completed 500 INTERNAL_SERVER_ERROR
2025-10-25 18:54:38 [http-nio-8080-exec-3] DEBUG o.s.web.servlet.DispatcherServlet - GET "/crypto-monitor/api/monitoring/status", parameters={}
2025-10-25 18:54:38 [http-nio-8080-exec-3] DEBUG o.s.w.s.m.m.a.RequestMappingHandlerMapping - Mapped to com.crypto.controller.MonitoringController#getStatus(Authentication)
2025-10-25 18:54:38 [http-nio-8080-exec-3] DEBUG o.s.w.s.m.m.a.HttpEntityMethodProcessor - Using 'application/json', given [*/*] and supported [application/json, application/*+json]
2025-10-25 18:54:38 [http-nio-8080-exec-3] DEBUG o.s.w.s.m.m.a.HttpEntityMethodProcessor - Writing [{totalActiveMonitors=0, username=teste, active=false, timestamp=1761429278496}]
2025-10-25 18:54:38 [http-nio-8080-exec-3] DEBUG o.s.web.servlet.DispatcherServlet - Completed 200 OK
2025-10-25 18:54:43 [scheduling-1] INFO  c.crypto.service.TradingBotService - ⏰ Scheduler executando... Procurando bots ativos
2025-10-25 18:54:43 [scheduling-1] INFO  c.crypto.service.TradingBotService - 📊 Encontrados 0 bots rodando
2025-10-25 18:54:45 [http-nio-8080-exec-4] DEBUG o.s.web.servlet.DispatcherServlet - GET "/crypto-monitor/api/user/me", parameters={}
2025-10-25 18:54:45 [http-nio-8080-exec-4] DEBUG o.s.w.s.m.m.a.RequestMappingHandlerMapping - Mapped to com.crypto.controller.UserController#getProfile(String)
2025-10-25 18:54:45 [http-nio-8080-exec-4] DEBUG o.s.w.s.m.m.a.HttpEntityMethodProcessor - Using 'application/json', given [*/*] and supported [application/json, application/*+json]
2025-10-25 18:54:45 [http-nio-8080-exec-4] DEBUG o.s.w.s.m.m.a.HttpEntityMethodProcessor - Writing [User(id=2, username=teste, password=null, email=testando@gmail.com, role=USER)]
2025-10-25 18:54:45 [http-nio-8080-exec-4] DEBUG o.s.web.servlet.DispatcherServlet - Completed 200 OK
2025-10-25 18:54:45 [http-nio-8080-exec-1] DEBUG o.s.web.servlet.DispatcherServlet - GET "/crypto-monitor/api/user/me", parameters={}
2025-10-25 18:54:45 [http-nio-8080-exec-1] DEBUG o.s.w.s.m.m.a.RequestMappingHandlerMapping - Mapped to com.crypto.controller.UserController#getProfile(String)
2025-10-25 18:54:45 [http-nio-8080-exec-1] DEBUG o.s.w.s.m.m.a.HttpEntityMethodProcessor - Using 'application/json', given [*/*] and supported [application/json, application/*+json]
2025-10-25 18:54:45 [http-nio-8080-exec-1] DEBUG o.s.w.s.m.m.a.HttpEntityMethodProcessor - Writing [User(id=2, username=teste, password=null, email=testando@gmail.com, role=USER)]
2025-10-25 18:54:45 [http-nio-8080-exec-1] DEBUG o.s.web.servlet.DispatcherServlet - Completed 200 OK
2025-10-25 18:54:45 [http-nio-8080-exec-6] DEBUG o.s.web.servlet.DispatcherServlet - GET "/crypto-monitor/api/monitoring/status", parameters={}
2025-10-25 18:54:45 [http-nio-8080-exec-6] DEBUG o.s.w.s.m.m.a.RequestMappingHandlerMapping - Mapped to com.crypto.controller.MonitoringController#getStatus(Authentication)
2025-10-25 18:54:45 [http-nio-8080-exec-6] DEBUG o.s.w.s.m.m.a.HttpEntityMethodProcessor - Using 'application/json', given [*/*] and supported [application/json, application/*+json]
2025-10-25 18:54:45 [http-nio-8080-exec-6] DEBUG o.s.w.s.m.m.a.HttpEntityMethodProcessor - Writing [{totalActiveMonitors=0, username=teste, active=false, timestamp=1761429285832}]
2025-10-25 18:54:45 [http-nio-8080-exec-6] DEBUG o.s.web.servlet.DispatcherServlet - Completed 200 OK
2025-10-25 18:54:46 [http-nio-8080-exec-5] DEBUG o.s.web.servlet.DispatcherServlet - GET "/crypto-monitor/api/crypto/current", parameters={}
2025-10-25 18:54:46 [http-nio-8080-exec-5] DEBUG o.s.w.s.m.m.a.RequestMappingHandlerMapping - Mapped to com.crypto.controller.CryptoController#getCurrentPrices()
2025-10-25 18:54:46 [http-nio-8080-exec-5] ERROR c.crypto.controller.CryptoController - Erro ao buscar cotações atuais: Unable to connect to Redis
2025-10-25 18:54:46 [http-nio-8080-exec-5] DEBUG o.s.w.s.m.m.a.HttpEntityMethodProcessor - Using 'application/json', given [*/*] and supported [application/json, application/*+json]
2025-10-25 18:54:46 [http-nio-8080-exec-5] DEBUG o.s.w.s.m.m.a.HttpEntityMethodProcessor - Nothing to write: null body
2025-10-25 18:54:46 [http-nio-8080-exec-5] DEBUG o.s.web.servlet.DispatcherServlet - Completed 500 INTERNAL_SERVER_ERROR
2025-10-25 18:55:12 [SpringApplicationShutdownHook] DEBUG o.s.s.c.ThreadPoolTaskScheduler - Shutting down ExecutorService 'taskScheduler'
2025-10-25 18:55:12 [SpringApplicationShutdownHook] DEBUG o.s.s.c.ThreadPoolTaskExecutor - Shutting down ExecutorService 'taskExecutor'
2025-10-25 18:55:12 [SpringApplicationShutdownHook] INFO  o.s.o.j.LocalContainerEntityManagerFactoryBean - Closing JPA EntityManagerFactory for persistence unit 'default'
2025-10-25 18:55:12 [SpringApplicationShutdownHook] INFO  com.zaxxer.hikari.HikariDataSource - CryptoMonitorPool - Shutdown initiated...
2025-10-25 18:55:12 [SpringApplicationShutdownHook] INFO  com.zaxxer.hikari.HikariDataSource - CryptoMonitorPool - Shutdown completed.
